2016-09-01 16:50:04,203 INFO  [Log] **************************************************************************************** 
2016-09-01 16:50:04,204 INFO  [Log] **************************************************************************************** 
2016-09-01 16:50:04,204 INFO  [Log] $$$$$$$$$$$$$$$$$$$$$                 Lg_1       $$$$$$$$$$$$$$$$$$$$$$$$$ 
2016-09-01 16:50:04,204 INFO  [Log] **************************************************************************************** 
2016-09-01 16:50:04,204 INFO  [Log] **************************************************************************************** 
2016-09-01 16:50:04,207 INFO  [Log] Opening Browser 
2016-09-01 16:50:09,940 INFO  [Log] Navigating to URL 
2016-09-01 16:50:12,636 INFO  [Log] Entering the text in UserNamehitain007 
2016-09-01 16:50:12,789 INFO  [Log] Clicking on Webelement Objects 
2016-09-01 16:50:12,830 INFO  [Log] Closing the browser 
2016-09-01 16:50:14,630 INFO  [Log] XXXXXXXXXXXXXXXXXXXXXXX             -E---N---D-             XXXXXXXXXXXXXXXXXXXXXX 
2016-09-01 16:50:14,631 INFO  [Log] X 
2016-09-01 16:50:14,631 INFO  [Log] X 
2016-09-01 16:50:14,631 INFO  [Log] X 
2016-09-01 16:50:14,631 INFO  [Log] X 
2016-09-06 12:31:23,736 INFO  [Log] **************************************************************************************** 
2016-09-06 12:31:23,751 INFO  [Log] **************************************************************************************** 
2016-09-06 12:31:23,752 INFO  [Log] $$$$$$$$$$$$$$$$$$$$$                 Lg_1       $$$$$$$$$$$$$$$$$$$$$$$$$ 
2016-09-06 12:31:23,752 INFO  [Log] **************************************************************************************** 
2016-09-06 12:31:23,752 INFO  [Log] **************************************************************************************** 
2016-09-06 12:31:23,753 ERROR [Log] Class Utils | Method getCellData | Exception desc : null 
2016-09-06 12:31:23,754 ERROR [Log] Class Utils | Method getCellData | Exception desc : null 
2016-09-06 12:31:23,755 INFO  [Log] Opening Browser 
2016-09-06 12:31:31,840 ERROR [Log] Class Utils | Method getCellData | Exception desc : null 
2016-09-06 12:31:31,840 ERROR [Log] Class Utils | Method getCellData | Exception desc : null 
2016-09-06 12:31:31,840 INFO  [Log] Navigating to URL 
2016-09-06 12:31:34,485 INFO  [Log] Entering the text in UserNamehitain007 
2016-09-06 12:31:34,717 ERROR [Log] Class Utils | Method getCellData | Exception desc : null 
2016-09-06 12:31:34,717 INFO  [Log] Clicking on Webelement Objects 
2016-09-06 12:31:34,758 ERROR [Log] Class Utils | Method getCellData | Exception desc : null 
2016-09-06 12:31:34,758 ERROR [Log] Class Utils | Method getCellData | Exception desc : null 
2016-09-06 12:31:34,758 INFO  [Log] Closing the browser 
2016-09-06 12:31:37,350 INFO  [Log] XXXXXXXXXXXXXXXXXXXXXXX             -E---N---D-             XXXXXXXXXXXXXXXXXXXXXX 
2016-09-06 12:31:37,350 INFO  [Log] X 
2016-09-06 12:31:37,350 INFO  [Log] X 
2016-09-06 12:31:37,350 INFO  [Log] X 
2016-09-06 12:31:37,350 INFO  [Log] X 
2016-09-06 13:28:40,278 INFO  [Log] **************************************************************************************** 
2016-09-06 13:28:40,281 INFO  [Log] **************************************************************************************** 
2016-09-06 13:28:40,281 INFO  [Log] $$$$$$$$$$$$$$$$$$$$$                 Lg_1       $$$$$$$$$$$$$$$$$$$$$$$$$ 
2016-09-06 13:28:40,281 INFO  [Log] **************************************************************************************** 
2016-09-06 13:28:40,281 INFO  [Log] **************************************************************************************** 
2016-09-06 13:28:40,282 ERROR [Log] Class Utils | Method getCellData | Exception desc : null 
2016-09-06 13:28:40,284 ERROR [Log] Class Utils | Method getCellData | Exception desc : null 
2016-09-06 13:28:40,284 INFO  [Log] Opening Browser 
2016-09-06 13:28:46,490 INFO  [Log] Closing the browser 
2016-09-06 13:28:48,035 INFO  [Log] XXXXXXXXXXXXXXXXXXXXXXX             -E---N---D-             XXXXXXXXXXXXXXXXXXXXXX 
2016-09-06 13:28:48,036 INFO  [Log] X 
2016-09-06 13:28:48,036 INFO  [Log] X 
2016-09-06 13:28:48,036 INFO  [Log] X 
2016-09-06 13:28:48,036 INFO  [Log] X 
2016-09-06 14:23:58,868 INFO  [Log] **************************************************************************************** 
2016-09-06 14:23:58,871 INFO  [Log] **************************************************************************************** 
2016-09-06 14:23:58,871 INFO  [Log] $$$$$$$$$$$$$$$$$$$$$                 Lg_1       $$$$$$$$$$$$$$$$$$$$$$$$$ 
2016-09-06 14:23:58,871 INFO  [Log] **************************************************************************************** 
2016-09-06 14:23:58,871 INFO  [Log] **************************************************************************************** 
2016-09-06 14:23:58,872 ERROR [Log] Class Utils | Method getCellData | Exception desc : null 
2016-09-06 14:23:58,873 ERROR [Log] Class Utils | Method getCellData | Exception desc : null 
2016-09-06 14:23:58,874 INFO  [Log] Opening Browser 
2016-09-06 14:24:04,614 INFO  [Log] Closing the browser 
2016-09-06 14:24:05,745 INFO  [Log] XXXXXXXXXXXXXXXXXXXXXXX             -E---N---D-             XXXXXXXXXXXXXXXXXXXXXX 
2016-09-06 14:24:05,745 INFO  [Log] X 
2016-09-06 14:24:05,745 INFO  [Log] X 
2016-09-06 14:24:05,745 INFO  [Log] X 
2016-09-06 14:24:05,745 INFO  [Log] X 
2016-09-06 14:30:46,030 INFO  [Log] **************************************************************************************** 
2016-09-06 14:30:46,033 INFO  [Log] **************************************************************************************** 
2016-09-06 14:30:46,033 INFO  [Log] $$$$$$$$$$$$$$$$$$$$$                 Lg_1       $$$$$$$$$$$$$$$$$$$$$$$$$ 
2016-09-06 14:30:46,033 INFO  [Log] **************************************************************************************** 
2016-09-06 14:30:46,033 INFO  [Log] **************************************************************************************** 
2016-09-06 14:30:46,035 ERROR [Log] Class Utils | Method getCellData | Exception desc : null 
2016-09-06 14:30:46,036 ERROR [Log] Class Utils | Method getCellData | Exception desc : null 
2016-09-06 14:30:46,036 INFO  [Log] Opening Browser 
2016-09-06 14:30:51,760 INFO  [Log] Closing the browser 
2016-09-06 14:30:53,042 INFO  [Log] XXXXXXXXXXXXXXXXXXXXXXX             -E---N---D-             XXXXXXXXXXXXXXXXXXXXXX 
2016-09-06 14:30:53,042 INFO  [Log] X 
2016-09-06 14:30:53,043 INFO  [Log] X 
2016-09-06 14:30:53,043 INFO  [Log] X 
2016-09-06 14:30:53,043 INFO  [Log] X 
2016-09-06 14:40:29,721 INFO  [Log] **************************************************************************************** 
2016-09-06 14:40:29,723 INFO  [Log] **************************************************************************************** 
2016-09-06 14:40:29,724 INFO  [Log] $$$$$$$$$$$$$$$$$$$$$                 Lg_1       $$$$$$$$$$$$$$$$$$$$$$$$$ 
2016-09-06 14:40:29,724 INFO  [Log] **************************************************************************************** 
2016-09-06 14:40:29,724 INFO  [Log] **************************************************************************************** 
2016-09-06 14:53:31,607 INFO  [Log] **************************************************************************************** 
2016-09-06 14:53:31,610 INFO  [Log] **************************************************************************************** 
2016-09-06 14:53:31,610 INFO  [Log] $$$$$$$$$$$$$$$$$$$$$                 Lg_1       $$$$$$$$$$$$$$$$$$$$$$$$$ 
2016-09-06 14:53:31,610 INFO  [Log] **************************************************************************************** 
2016-09-06 14:53:31,610 INFO  [Log] **************************************************************************************** 
2016-09-06 14:53:31,611 ERROR [Log] Class Utils | Method getCellData | Exception desc : null 
2016-09-06 14:53:31,612 ERROR [Log] Class Utils | Method getCellData | Exception desc : null 
2016-09-06 14:53:31,612 INFO  [Log] Opening Browser 
2016-09-06 14:53:37,775 INFO  [Log] Closing the browser 
2016-09-06 14:53:39,492 INFO  [Log] XXXXXXXXXXXXXXXXXXXXXXX             -E---N---D-             XXXXXXXXXXXXXXXXXXXXXX 
2016-09-06 14:53:39,492 INFO  [Log] X 
2016-09-06 14:53:39,492 INFO  [Log] X 
2016-09-06 14:53:39,492 INFO  [Log] X 
2016-09-06 14:53:39,492 INFO  [Log] X 
2016-09-06 14:55:52,526 INFO  [Log] **************************************************************************************** 
2016-09-06 14:55:52,529 INFO  [Log] **************************************************************************************** 
2016-09-06 14:55:52,529 INFO  [Log] $$$$$$$$$$$$$$$$$$$$$                 Lg_1       $$$$$$$$$$$$$$$$$$$$$$$$$ 
2016-09-06 14:55:52,529 INFO  [Log] **************************************************************************************** 
2016-09-06 14:55:52,529 INFO  [Log] **************************************************************************************** 
2016-09-06 15:01:21,485 ERROR [Log] Class Utils | Method getCellData | Exception desc : AssetRole value is NULL. 
2016-09-06 15:01:48,980 ERROR [Log] Class Utils | Method getCellData | Exception desc : AssetRole value is NULL. 
2016-09-06 15:02:20,281 INFO  [Log] Opening Browser 
2016-09-06 15:02:47,951 INFO  [Log] Closing the browser 
2016-09-06 15:02:53,711 INFO  [Log] XXXXXXXXXXXXXXXXXXXXXXX             -E---N---D-             XXXXXXXXXXXXXXXXXXXXXX 
2016-09-06 15:02:53,711 INFO  [Log] X 
2016-09-06 15:02:53,711 INFO  [Log] X 
2016-09-06 15:02:53,712 INFO  [Log] X 
2016-09-06 15:02:53,712 INFO  [Log] X 
2016-09-06 15:07:53,337 INFO  [Log] **************************************************************************************** 
2016-09-06 15:07:53,340 INFO  [Log] **************************************************************************************** 
2016-09-06 15:07:53,340 INFO  [Log] $$$$$$$$$$$$$$$$$$$$$                 Lg_1       $$$$$$$$$$$$$$$$$$$$$$$$$ 
2016-09-06 15:07:53,340 INFO  [Log] **************************************************************************************** 
2016-09-06 15:07:53,340 INFO  [Log] **************************************************************************************** 
2016-09-06 15:08:30,577 INFO  [Log] Opening Browser 
2016-09-06 15:08:45,664 INFO  [Log] XXXXXXXXXXXXXXXXXXXXXXX             -E---N---D-             XXXXXXXXXXXXXXXXXXXXXX 
2016-09-06 15:08:45,665 INFO  [Log] X 
2016-09-06 15:08:45,665 INFO  [Log] X 
2016-09-06 15:08:45,665 INFO  [Log] X 
2016-09-06 15:08:45,665 INFO  [Log] X 
2016-09-06 15:15:07,206 INFO  [Log] **************************************************************************************** 
2016-09-06 15:15:07,209 INFO  [Log] **************************************************************************************** 
2016-09-06 15:15:07,209 INFO  [Log] $$$$$$$$$$$$$$$$$$$$$                 Lg_1       $$$$$$$$$$$$$$$$$$$$$$$$$ 
2016-09-06 15:15:07,209 INFO  [Log] **************************************************************************************** 
2016-09-06 15:15:07,210 INFO  [Log] **************************************************************************************** 
2016-09-06 15:16:41,808 INFO  [Log] Opening Browser 
2016-09-06 15:19:56,274 INFO  [Log] XXXXXXXXXXXXXXXXXXXXXXX             -E---N---D-             XXXXXXXXXXXXXXXXXXXXXX 
2016-09-06 15:19:56,274 INFO  [Log] X 
2016-09-06 15:19:56,274 INFO  [Log] X 
2016-09-06 15:19:56,274 INFO  [Log] X 
2016-09-06 15:19:56,275 INFO  [Log] X 
2016-09-06 15:24:17,764 INFO  [Log] **************************************************************************************** 
2016-09-06 15:24:17,766 INFO  [Log] **************************************************************************************** 
2016-09-06 15:24:17,767 INFO  [Log] $$$$$$$$$$$$$$$$$$$$$                 Lg_1       $$$$$$$$$$$$$$$$$$$$$$$$$ 
2016-09-06 15:24:17,767 INFO  [Log] **************************************************************************************** 
2016-09-06 15:24:17,767 INFO  [Log] **************************************************************************************** 
2016-09-06 15:24:29,644 INFO  [Log] Opening Browser 
2016-09-06 15:26:40,416 INFO  [Log] Navigating to URL 
2016-09-06 15:27:23,218 INFO  [Log] Entering the text in UserNamehitain007 
2016-09-06 15:27:56,812 INFO  [Log] Clicking on Webelement Objects 
2016-09-06 15:31:21,519 INFO  [Log] **************************************************************************************** 
2016-09-06 15:31:21,521 INFO  [Log] **************************************************************************************** 
2016-09-06 15:31:21,522 INFO  [Log] $$$$$$$$$$$$$$$$$$$$$                 Lg_1       $$$$$$$$$$$$$$$$$$$$$$$$$ 
2016-09-06 15:31:21,522 INFO  [Log] **************************************************************************************** 
2016-09-06 15:31:21,522 INFO  [Log] **************************************************************************************** 
2016-09-06 15:31:21,524 INFO  [Log] Opening Browser 
2016-09-06 15:31:27,772 INFO  [Log] Navigating to URL 
2016-09-06 15:31:30,344 INFO  [Log] Entering the text in UserNamehitain007 
2016-09-06 15:31:30,673 INFO  [Log] Clicking on Webelement Objects 
2016-09-06 15:34:15,979 INFO  [Log] **************************************************************************************** 
2016-09-06 15:34:15,982 INFO  [Log] **************************************************************************************** 
2016-09-06 15:34:15,982 INFO  [Log] $$$$$$$$$$$$$$$$$$$$$                 Lg_1       $$$$$$$$$$$$$$$$$$$$$$$$$ 
2016-09-06 15:34:15,982 INFO  [Log] **************************************************************************************** 
2016-09-06 15:34:15,982 INFO  [Log] **************************************************************************************** 
2016-09-06 15:34:15,985 INFO  [Log] Opening Browser 
2016-09-06 15:34:22,145 INFO  [Log] XXXXXXXXXXXXXXXXXXXXXXX             -E---N---D-             XXXXXXXXXXXXXXXXXXXXXX 
2016-09-06 15:34:22,145 INFO  [Log] X 
2016-09-06 15:34:22,145 INFO  [Log] X 
2016-09-06 15:34:22,145 INFO  [Log] X 
2016-09-06 15:34:22,145 INFO  [Log] X 
2016-09-06 15:37:48,873 INFO  [Log] **************************************************************************************** 
2016-09-06 15:37:48,875 INFO  [Log] **************************************************************************************** 
2016-09-06 15:37:48,875 INFO  [Log] $$$$$$$$$$$$$$$$$$$$$                 Lg_1       $$$$$$$$$$$$$$$$$$$$$$$$$ 
2016-09-06 15:37:48,876 INFO  [Log] **************************************************************************************** 
2016-09-06 15:37:48,876 INFO  [Log] **************************************************************************************** 
2016-09-06 15:37:51,761 INFO  [Log] Opening Browser 
2016-09-06 15:39:16,724 INFO  [Log] Navigating to URL 
2016-09-06 15:40:26,397 INFO  [Log] Entering the text in UserNamehitain007 
2016-09-06 15:47:11,710 INFO  [Log] **************************************************************************************** 
2016-09-06 15:47:11,712 INFO  [Log] **************************************************************************************** 
2016-09-06 15:47:11,713 INFO  [Log] $$$$$$$$$$$$$$$$$$$$$                 Lg_1       $$$$$$$$$$$$$$$$$$$$$$$$$ 
2016-09-06 15:47:11,713 INFO  [Log] **************************************************************************************** 
2016-09-06 15:47:11,713 INFO  [Log] **************************************************************************************** 
2016-09-06 15:47:18,452 INFO  [Log] Opening Browser 
2016-09-06 15:47:47,125 INFO  [Log] Navigating to URL 
2016-09-06 15:48:17,581 INFO  [Log] Entering the text in UserNamehitain007 
2016-09-06 15:49:06,600 INFO  [Log] Clicking on Webelement Objects 
2016-09-06 15:50:27,115 INFO  [Log] Closing the browser 
2016-09-06 15:51:04,832 INFO  [Log] XXXXXXXXXXXXXXXXXXXXXXX             -E---N---D-             XXXXXXXXXXXXXXXXXXXXXX 
2016-09-06 15:51:04,832 INFO  [Log] X 
2016-09-06 15:51:04,833 INFO  [Log] X 
2016-09-06 15:51:04,833 INFO  [Log] X 
2016-09-06 15:51:04,833 INFO  [Log] X 
2016-09-06 15:52:00,975 INFO  [Log] **************************************************************************************** 
2016-09-06 15:52:00,978 INFO  [Log] **************************************************************************************** 
2016-09-06 15:52:00,978 INFO  [Log] $$$$$$$$$$$$$$$$$$$$$                 Lg_1       $$$$$$$$$$$$$$$$$$$$$$$$$ 
2016-09-06 15:52:00,978 INFO  [Log] **************************************************************************************** 
2016-09-06 15:52:00,978 INFO  [Log] **************************************************************************************** 
2016-09-06 15:52:00,982 INFO  [Log] Opening Browser 
2016-09-06 15:52:06,951 INFO  [Log] Navigating to URL 
2016-09-06 15:52:09,782 INFO  [Log] Entering the text in UserNamehitain007 
2016-09-06 15:52:10,110 INFO  [Log] Clicking on Webelement Objects 
2016-09-06 15:52:10,812 INFO  [Log] Closing the browser 
2016-09-06 15:52:12,360 INFO  [Log] XXXXXXXXXXXXXXXXXXXXXXX             -E---N---D-             XXXXXXXXXXXXXXXXXXXXXX 
2016-09-06 15:52:12,360 INFO  [Log] X 
2016-09-06 15:52:12,360 INFO  [Log] X 
2016-09-06 15:52:12,361 INFO  [Log] X 
2016-09-06 15:52:12,361 INFO  [Log] X 
2016-09-06 15:52:51,261 INFO  [Log] **************************************************************************************** 
2016-09-06 15:52:51,263 INFO  [Log] **************************************************************************************** 
2016-09-06 15:52:51,264 INFO  [Log] $$$$$$$$$$$$$$$$$$$$$                 Lg_1       $$$$$$$$$$$$$$$$$$$$$$$$$ 
2016-09-06 15:52:51,264 INFO  [Log] **************************************************************************************** 
2016-09-06 15:52:51,264 INFO  [Log] **************************************************************************************** 
2016-09-06 15:52:51,266 INFO  [Log] Opening Browser 
2016-09-06 15:52:57,162 INFO  [Log] Navigating to URL 
2016-09-06 15:53:00,103 INFO  [Log] Entering the text in UserNamehitain007 
2016-09-06 15:53:00,425 INFO  [Log] Clicking on Webelement Objects 
2016-09-06 15:53:01,257 INFO  [Log] Closing the browser 
2016-09-06 15:53:02,729 INFO  [Log] XXXXXXXXXXXXXXXXXXXXXXX             -E---N---D-             XXXXXXXXXXXXXXXXXXXXXX 
2016-09-06 15:53:02,729 INFO  [Log] X 
2016-09-06 15:53:02,729 INFO  [Log] X 
2016-09-06 15:53:02,729 INFO  [Log] X 
2016-09-06 15:53:02,730 INFO  [Log] X 
2016-09-06 15:55:22,387 INFO  [Log] **************************************************************************************** 
2016-09-06 15:55:22,389 INFO  [Log] **************************************************************************************** 
2016-09-06 15:55:22,389 INFO  [Log] $$$$$$$$$$$$$$$$$$$$$                 Lg_1       $$$$$$$$$$$$$$$$$$$$$$$$$ 
2016-09-06 15:55:22,389 INFO  [Log] **************************************************************************************** 
2016-09-06 15:55:22,389 INFO  [Log] **************************************************************************************** 
2016-09-06 15:55:22,392 INFO  [Log] Opening Browser 
2016-09-06 15:55:28,258 INFO  [Log] Navigating to URL 
2016-09-06 15:55:31,135 INFO  [Log] Entering the text in UserNamehitain007 
2016-09-06 15:55:31,460 INFO  [Log] Clicking on Webelement Objects 
2016-09-06 15:55:32,077 INFO  [Log] Closing the browser 
2016-09-06 15:55:33,666 INFO  [Log] XXXXXXXXXXXXXXXXXXXXXXX             -E---N---D-             XXXXXXXXXXXXXXXXXXXXXX 
2016-09-06 15:55:33,666 INFO  [Log] X 
2016-09-06 15:55:33,666 INFO  [Log] X 
2016-09-06 15:55:33,666 INFO  [Log] X 
2016-09-06 15:55:33,666 INFO  [Log] X 
2016-09-06 15:55:33,667 INFO  [Log] **************************************************************************************** 
2016-09-06 15:55:33,668 INFO  [Log] **************************************************************************************** 
2016-09-06 15:55:33,668 INFO  [Log] $$$$$$$$$$$$$$$$$$$$$                 Lg_2       $$$$$$$$$$$$$$$$$$$$$$$$$ 
2016-09-06 15:55:33,668 INFO  [Log] **************************************************************************************** 
2016-09-06 15:55:33,668 INFO  [Log] **************************************************************************************** 
2016-09-06 15:55:33,668 INFO  [Log] Opening Browser 
2016-09-06 15:55:38,738 INFO  [Log] Navigating to URL 
2016-09-06 15:55:41,435 INFO  [Log] Entering the text in UserNamehitain007 
2016-09-06 15:55:41,446 INFO  [Log] Not able to Entering the text in UserNamenull 
2016-09-06 15:55:41,588 INFO  [Log] Closing the browser 
2016-09-06 15:55:42,671 INFO  [Log] XXXXXXXXXXXXXXXXXXXXXXX             -E---N---D-             XXXXXXXXXXXXXXXXXXXXXX 
2016-09-06 15:55:42,672 INFO  [Log] X 
2016-09-06 15:55:42,672 INFO  [Log] X 
2016-09-06 15:55:42,672 INFO  [Log] X 
2016-09-06 15:55:42,672 INFO  [Log] X 
2016-09-06 15:55:42,673 INFO  [Log] **************************************************************************************** 
2016-09-06 15:55:42,673 INFO  [Log] **************************************************************************************** 
2016-09-06 15:55:42,673 INFO  [Log] $$$$$$$$$$$$$$$$$$$$$                 Lg_3       $$$$$$$$$$$$$$$$$$$$$$$$$ 
2016-09-06 15:55:42,673 INFO  [Log] **************************************************************************************** 
2016-09-06 15:55:42,673 INFO  [Log] **************************************************************************************** 
2016-09-06 15:55:42,674 INFO  [Log] Opening Browser 
2016-09-06 15:55:47,797 INFO  [Log] Navigating to URL 
2016-09-06 15:55:50,571 INFO  [Log] Entering the text in UserNamehitain007 
2016-09-06 15:55:50,832 INFO  [Log] Clicking on Webelement Objects 
2016-09-06 15:55:51,489 INFO  [Log] Closing the browser 
2016-09-06 15:55:52,761 INFO  [Log] XXXXXXXXXXXXXXXXXXXXXXX             -E---N---D-             XXXXXXXXXXXXXXXXXXXXXX 
2016-09-06 15:55:52,761 INFO  [Log] X 
2016-09-06 15:55:52,761 INFO  [Log] X 
2016-09-06 15:55:52,761 INFO  [Log] X 
2016-09-06 15:55:52,761 INFO  [Log] X 
